
🎯 Skipping first 296 profiles, processing next 100 profiles

======================================================================
Instagram HD Scraper with Cloudinary (Instagrapi)
======================================================================

📊 Session ID: 1764335259560

📊 Found 100 profiles

======================================================================

[297/396] Chris Clark (ID: 250)
   Username: @clarkfit
   Fetching user info for @clarkfit...
   ⚠️  Challenge required (rate limited) - skipping this profile

[298/396] Justin Howells (ID: 251)
   Username: @justinjfit
   Fetching user info for @justinjfit...
   ⚠️  Challenge required (rate limited) - skipping this profile

[299/396] Corey Perkins (ID: 252)
   Username: @perkfitt
   Fetching user info for @perkfitt...
   ⚠️  Challenge required (rate limited) - skipping this profile

[300/396] Steve Kris (ID: 253)
   Username: @stevekrisofficial
   Fetching user info for @stevekrisofficial...
   ⚠️  Challenge required (rate limited) - skipping this profile

[301/396] Steve Kris (ID: 253)
   ❌ Could not extract username

[302/396] Franco treachi (ID: 254)
   Username: @francotreachi
   Fetching user info for @francotreachi...
   ⚠️  Challenge required (rate limited) - skipping this profile

[303/396] Danijel Švec (ID: 255)
   Username: @danijel_svec
   Fetching user info for @danijel_svec...
   ⚠️  Challenge required (rate limited) - skipping this profile

[304/396] Dmitrij Zakharchuk (ID: 256)
   Username: @dimitri_fit
   Fetching user info for @dimitri_fit...
   ⚠️  Challenge required (rate limited) - skipping this profile

[305/396] Evan Merger (ID: 257)
   Username: @evanmerger
   Fetching user info for @evanmerger...
   ⚠️  Challenge required (rate limited) - skipping this profile

[306/396] Evan Merger (ID: 257)
   ❌ Could not extract username

[307/396] Rubin Minnekhanov (ID: 258)
   Username: @organic_twins
   Fetching user info for @organic_twins...
   ⚠️  Challenge required (rate limited) - skipping this profile

[308/396] Michael Roach (ID: 259)
   Username: @michaelroach_athletic
   Fetching user info for @michaelroach_athletic...
   ⚠️  Challenge required (rate limited) - skipping this profile

[309/396] Alex Eubank (ID: 260)
   Username: @alex_eubank15
   Fetching user info for @alex_eubank15...
   ⚠️  Challenge required (rate limited) - skipping this profile

[310/396] Roynier Benitez (ID: 261)
   Username: @rbnfitness_
   Fetching user info for @rbnfitness_...
   ⚠️  Challenge required (rate limited) - skipping this profile

[311/396] Roynier Benitez (ID: 261)
   ❌ Could not extract username

[312/396] Marc Serrano (ID: 262)
   Username: @marcserrano.00
   Fetching user info for @marcserrano.00...
   ⚠️  Challenge required (rate limited) - skipping this profile

[313/396] Marc Serrano (ID: 262)
   ❌ Could not extract username

[314/396] Kiernan Fagan (ID: 263)
   Username: @kiernanfagan2
   Fetching user info for @kiernanfagan2...
   ⚠️  Challenge required (rate limited) - skipping this profile

[315/396] Maksim Trukhanavets (ID: 264)
   Username: @max_true
   Fetching user info for @max_true...
   ⚠️  Challenge required (rate limited) - skipping this profile

[316/396] Maksim Trukhanavets (ID: 264)
   ❌ Could not extract username

[317/396] Lucas Kothe (ID: 265)
   Username: @lucas.kth
   Fetching user info for @lucas.kth...
   ⚠️  Challenge required (rate limited) - skipping this profile

[318/396] AMIN ELKACH (ID: 266)
   Username: @amin_elkach
   Fetching user info for @amin_elkach...
   ⚠️  Challenge required (rate limited) - skipping this profile

[319/396] ANDREAS LINDER (ID: 267)
   Username: @andreas_linder
   Fetching user info for @andreas_linder...
   ⚠️  Challenge required (rate limited) - skipping this profile

[320/396] GainsbyDre (ID: 268)
   Username: @gainsbydre_
   Fetching user info for @gainsbydre_...
   ⚠️  Challenge required (rate limited) - skipping this profile

[321/396] Jesse James West (ID: 269)
   Username: @jessejameswest
   Fetching user info for @jessejameswest...
   ⚠️  Challenge required (rate limited) - skipping this profile

[322/396] Gheorghe Marius Florentin (ID: 270)
   Username: @mariusflorentinfit
   Fetching user info for @mariusflorentinfit...
   ⚠️  Challenge required (rate limited) - skipping this profile

[323/396] Steven X. Cao (ID: 271)
   Username: @stevencao_
   Fetching user info for @stevencao_...
   ⚠️  Challenge required (rate limited) - skipping this profile

[324/396] Nick Walker (ID: 272)
   Username: @nickwalkerfitness
   Fetching user info for @nickwalkerfitness...
   ⚠️  Challenge required (rate limited) - skipping this profile

[325/396] Diana Conforti (ID: 273)
   Username: @dianaconforti.fit
   Fetching user info for @dianaconforti.fit...
   ⚠️  Challenge required (rate limited) - skipping this profile

[326/396] Diana Conforti (ID: 273)
   ❌ Could not extract username

[327/396] Leana Deeb (ID: 274)
   Username: @leanadeebb
   Fetching user info for @leanadeebb...
   ⚠️  Challenge required (rate limited) - skipping this profile

[328/396] Carlos Belcast (ID: 275)
   Username: @carlosbelcast
   Fetching user info for @carlosbelcast...
   ⚠️  Challenge required (rate limited) - skipping this profile

[329/396] Lauren Johnson (ID: 276)
   Username: @laurenk.j
   Fetching user info for @laurenk.j...
   ⚠️  Challenge required (rate limited) - skipping this profile

[330/396] Lauren Johnson (ID: 276)
   ❌ Could not extract username

[331/396] Jessica Bickling (ID: 277)
   Username: @jessicabickling
   Fetching user info for @jessicabickling...
   ⚠️  Challenge required (rate limited) - skipping this profile

[332/396] Joy Sistina (ID: 278)
   Username: @joyjoysfitness_
   Fetching user info for @joyjoysfitness_...
   ⚠️  Challenge required (rate limited) - skipping this profile

[333/396] Tomas Mazza (ID: 279)
   Username: @mazzatomas
   Fetching user info for @mazzatomas...
   ⚠️  Challenge required (rate limited) - skipping this profile

[334/396] Felipe Bejarano (ID: 280)
   Username: @bejaranofit
   Fetching user info for @bejaranofit...
   ⚠️  Challenge required (rate limited) - skipping this profile

[335/396] SALOME JIMENEZ (ID: 281)
   Username: @salojimenez_c
   Fetching user info for @salojimenez_c...
   ⚠️  Challenge required (rate limited) - skipping this profile

[336/396] Anthoni Montalván (ID: 282)
   Username: @tr4iner
   Fetching user info for @tr4iner...
   ⚠️  Challenge required (rate limited) - skipping this profile

[337/396] Jeison Vargas (ID: 283)
   Username: @jeitrainer20
   Fetching user info for @jeitrainer20...
   ⚠️  Challenge required (rate limited) - skipping this profile

[338/396] Jeison Vargas (ID: 283)
   ❌ Could not extract username

[339/396] Ricardo Elias (ID: 284)
   Username: @ricardoelias_aest
   Fetching user info for @ricardoelias_aest...
   ⚠️  Challenge required (rate limited) - skipping this profile

[340/396] Raúl Ocaña (ID: 285)
   Username: @raulteentrena
   Fetching user info for @raulteentrena...
   ⚠️  Challenge required (rate limited) - skipping this profile

[341/396] Agus Privi (ID: 286)
   Username: @agusprivii
   Fetching user info for @agusprivii...
   ⚠️  Challenge required (rate limited) - skipping this profile

[342/396] Lia Olite (ID: 287)
   Username: @liaolite
   Fetching user info for @liaolite...
   ⚠️  Challenge required (rate limited) - skipping this profile

[343/396] Paula Suárez (ID: 288)
   Username: @pa.suarez
   Fetching user info for @pa.suarez...
   ⚠️  Challenge required (rate limited) - skipping this profile

[344/396] Paula Suárez (ID: 288)
   ❌ Could not extract username

[345/396] Farid Naffah (ID: 289)
   Username: @soyfaridnaffah
   Fetching user info for @soyfaridnaffah...
   ⚠️  Challenge required (rate limited) - skipping this profile

[346/396] Daniel Duque (ID: 290)
   Username: @duquefitnutrition
   Fetching user info for @duquefitnutrition...
   ⚠️  Challenge required (rate limited) - skipping this profile

[347/396] Daniel Duque (ID: 290)
   ❌ Could not extract username

[348/396] Oscarsfit (ID: 291)
   Username: @oscarsfit
   Fetching user info for @oscarsfit...
   ✅ Found HD profile picture
      URL: https://instagram.flhe7-1.fna.fbcdn.net/v/t51.2885-19/365881772_1965649457161444...
   📤 Uploading to Cloudinary...
   ✅ SUCCESS!
      Cloudinary URL: https://res.cloudinary.com/digps9enm/image/upload/v1764336631/becometry/profile-images/profile_oscarsfit_1764336626.jpg

[349/396] Diego Alvarez Ugena Arce (ID: 292)
   Username: @diegoalvarezfit9
   Fetching user info for @diegoalvarezfit9...
   ✅ Found HD profile picture
      URL: https://instagram.flhe3-2.fna.fbcdn.net/v/t51.2885-19/361298376_728797465474218_...
   📤 Uploading to Cloudinary...
   ✅ SUCCESS!
      Cloudinary URL: https://res.cloudinary.com/digps9enm/image/upload/v1764336649/becometry/profile-images/profile_diegoalvarezfit9_1764336645.jpg

[350/396] Miguel Mazo (ID: 293)
   Username: @miguel.mazo
   Fetching user info for @miguel.mazo...
   ✅ Found HD profile picture
      URL: https://instagram.flhe3-2.fna.fbcdn.net/v/t51.2885-19/291035861_160615853197086_...
   📤 Uploading to Cloudinary...
   ✅ SUCCESS!
      Cloudinary URL: https://res.cloudinary.com/digps9enm/image/upload/v1764336667/becometry/profile-images/profile_miguel.mazo_1764336663.jpg

[351/396] Miguel Mazo (ID: 293)
   ❌ Could not extract username

[352/396] Manuela Salamanca (ID: 294)
   Username: @manuelasalamanca__
   Fetching user info for @manuelasalamanca__...
   ✅ Found HD profile picture
      URL: https://instagram.flhe3-2.fna.fbcdn.net/v/t51.2885-19/539442929_1807910799230884...
   📤 Uploading to Cloudinary...
   ✅ SUCCESS!
      Cloudinary URL: https://res.cloudinary.com/digps9enm/image/upload/v1764336683/becometry/profile-images/profile_manuelasalamanca___1764336680.jpg

[353/396] JousFit (ID: 295)
   Username: @jousfit
   Fetching user info for @jousfit...
   ✅ Found HD profile picture
      URL: https://instagram.flhe7-1.fna.fbcdn.net/v/t51.2885-19/314896727_184344130816179_...
   📤 Uploading to Cloudinary...
   ✅ SUCCESS!
      Cloudinary URL: https://res.cloudinary.com/digps9enm/image/upload/v1764336701/becometry/profile-images/profile_jousfit_1764336697.jpg

[354/396] Arju Vasquez Montoya (ID: 296)
   Username: @arjuvm
   Fetching user info for @arjuvm...
   ✅ Found HD profile picture
      URL: https://instagram.flhe7-1.fna.fbcdn.net/v/t51.2885-19/357284780_247003044711973_...
   📤 Uploading to Cloudinary...
   ✅ SUCCESS!
      Cloudinary URL: https://res.cloudinary.com/digps9enm/image/upload/v1764336718/becometry/profile-images/profile_arjuvm_1764336714.jpg

[355/396] Sergio Peinado (ID: 297)
   Username: @sergiopeinadotrainer
   Fetching user info for @sergiopeinadotrainer...
   ✅ Found HD profile picture
      URL: https://instagram.flhe7-1.fna.fbcdn.net/v/t51.2885-19/209140982_159837829540477_...
   📤 Uploading to Cloudinary...
   ✅ SUCCESS!
      Cloudinary URL: https://res.cloudinary.com/digps9enm/image/upload/v1764336735/becometry/profile-images/profile_sergiopeinadotrainer_1764336731.jpg

[356/396] Laura Ovallos (ID: 298)
   Username: @lauovalloss
   Fetching user info for @lauovalloss...
   ✅ Found HD profile picture
      URL: https://instagram.flhe7-1.fna.fbcdn.net/v/t51.2885-19/449345954_712556754282685_...
   📤 Uploading to Cloudinary...
   ✅ SUCCESS!
      Cloudinary URL: https://res.cloudinary.com/digps9enm/image/upload/v1764336753/becometry/profile-images/profile_lauovalloss_1764336749.jpg

[357/396] 𝐀𝐝𝐫𝐢á𝐧 𝐇𝐞𝐫𝐫𝐞𝐫𝐨 (ID: 299)
   Username: @adrianherrerocoach
   Fetching user info for @adrianherrerocoach...
   ✅ Found HD profile picture
      URL: https://instagram.flhe7-1.fna.fbcdn.net/v/t51.2885-19/120028331_358961525227909_...
   📤 Uploading to Cloudinary...
   ✅ SUCCESS!
      Cloudinary URL: https://res.cloudinary.com/digps9enm/image/upload/v1764336777/becometry/profile-images/profile_adrianherrerocoach_1764336772.jpg

[358/396] Bruno Skornicki (ID: 300)
   Username: @brunoskornicki
   Fetching user info for @brunoskornicki...
   ✅ Found HD profile picture
      URL: https://instagram.flhe3-2.fna.fbcdn.net/v/t51.2885-19/590411099_1819313986633052...
   📤 Uploading to Cloudinary...
   ✅ SUCCESS!
      Cloudinary URL: https://res.cloudinary.com/digps9enm/image/upload/v1764336794/becometry/profile-images/profile_brunoskornicki_1764336790.jpg

[359/396] Ricardo Corral Diaz (ID: 301)
   Username: @rcorral80
   Fetching user info for @rcorral80...
   ✅ Found HD profile picture
      URL: https://instagram.flhe3-1.fna.fbcdn.net/v/t51.2885-19/542003104_1852903628501005...
   📤 Uploading to Cloudinary...
