Status 404: Endpoint /v1/users/dccq64-opyj/usernameinfo/ does not exist

🎯 Processing up to 221 profiles without Cloudinary images

======================================================================
Instagram HD Scraper - Missing Profiles Only
======================================================================

Debug: Fetched 221 profiles
Debug: First profile: (72, 'Leandro Lopez', '/uploads/profile-images/instagram_leandrolopeztrader_1763729596037.jpg', 'https://www.instagram.com/leandrolopeztrader')
📊 Found 221 profiles without Cloudinary images

======================================================================

[1/221] Leandro Lopez (ID: 72)
   Username: @leandrolopeztrader
   Fetching user info for @leandrolopeztrader...
   ❌ Error getting profile: feedback_required: We limit how often you can do certain things on Instagram to protect our community. Tell us if you think we made a mistake.

[2/221] Jose Zabala (ID: 170)
   Username: @josezabalaj
   Fetching user info for @josezabalaj...
   ❌ Error getting profile: feedback_required: We limit how often you can do certain things on Instagram to protect our community. Tell us if you think we made a mistake.

[3/221] Gabi Lupei (ID: 197)
   Username: @DCcq64-OPYJ
   Fetching user info for @DCcq64-OPYJ...
   ❌ User not found or account private

[4/221] Leo Horacio (ID: 209)
   Username: @ecomcartel
   Fetching user info for @ecomcartel...
   ❌ Error getting profile: feedback_required: We limit how often you can do certain things on Instagram to protect our community. Tell us if you think we made a mistake.

[5/221] Ulissesworld (ID: 249)
   Username: @ulissesworld
   Fetching user info for @ulissesworld...
   ❌ Error getting profile: feedback_required: We limit how often you can do certain things on Instagram to protect our community. Tell us if you think we made a mistake.

[6/221] Nick Trigili (ID: 347)
   Username: @bodybuildingbs
   Fetching user info for @bodybuildingbs...
   ❌ Error getting profile: feedback_required: We limit how often you can do certain things on Instagram to protect our community. Tell us if you think we made a mistake.

[7/221] Kokoro (ID: 373)
   Username: @yourkokorotoday
   Fetching user info for @yourkokorotoday...
   ❌ Error getting profile: feedback_required: We limit how often you can do certain things on Instagram to protect our community. Tell us if you think we made a mistake.

[8/221] Daniel Hong (ID: 412)
   Username: @reels
   Fetching user info for @reels...
   ❌ Error getting profile: feedback_required: We limit how often you can do certain things on Instagram to protect our community. Tell us if you think we made a mistake.

[9/221] Ryan Daniel Moran (ID: 489)
   Username: @ryandanielmoran
   Fetching user info for @ryandanielmoran...
   ❌ Error getting profile: feedback_required: We limit how often you can do certain things on Instagram to protect our community. Tell us if you think we made a mistake.

[10/221] Paweł Huryn (ID: 509)
   ❌ Could not extract username

[11/221] Kamran Zahid (ID: 639)
   Username: @kamranzah1d
   Fetching user info for @kamranzah1d...
   ❌ Error getting profile: feedback_required: We limit how often you can do certain things on Instagram to protect our community. Tell us if you think we made a mistake.

[12/221] Andrew Tate (ID: 789)
   Username: @cobratatealiveofficial
   Fetching user info for @cobratatealiveofficial...
   ❌ Error getting profile: feedback_required: We limit how often you can do certain things on Instagram to protect our community. Tell us if you think we made a mistake.

[13/221] Andrew Tate (ID: 789)
   ❌ Could not extract username

[14/221] Matt Wolfe (ID: 887)
   Username: @mr.eflow
   Fetching user info for @mr.eflow...
   ❌ Error getting profile: feedback_required: We limit how often you can do certain things on Instagram to protect our community. Tell us if you think we made a mistake.

[15/221] Rowan Cheung (ID: 888)
   Username: @rowancheung
   Fetching user info for @rowancheung...
   ❌ Error getting profile: feedback_required: We limit how often you can do certain things on Instagram to protect our community. Tell us if you think we made a mistake.

[16/221] Nick St. Pierre (ID: 889)
   Username: @nick.floats
   Fetching user info for @nick.floats...
   ❌ Error getting profile: feedback_required: We limit how often you can do certain things on Instagram to protect our community. Tell us if you think we made a mistake.

[17/221] Nick St. Pierre (ID: 889)
   ❌ Could not extract username

[18/221] Rob Lennon (ID: 890)
   Username: @thatroblennon
   Fetching user info for @thatroblennon...
   ❌ Error getting profile: feedback_required: We limit how often you can do certain things on Instagram to protect our community. Tell us if you think we made a mistake.

[19/221] Rob Lennon (ID: 890)
   ❌ Could not extract username

[20/221] Aakash Gupta (ID: 891)
   Username: @aakashg0
   Fetching user info for @aakashg0...
   ❌ Error getting profile: feedback_required: We limit how often you can do certain things on Instagram to protect our community. Tell us if you think we made a mistake.

[21/221] Aakash Gupta (ID: 891)
   ❌ Could not extract username

[22/221] Nathan Lands (ID: 892)
   Username: @nathanlands
   Fetching user info for @nathanlands...
   ❌ Error getting profile: feedback_required: We limit how often you can do certain things on Instagram to protect our community. Tell us if you think we made a mistake.

[23/221] Dan Fitzpatrick (ID: 893)
   Username: @theaieducatorio
   Fetching user info for @theaieducatorio...
   ❌ Error getting profile: feedback_required: We limit how often you can do certain things on Instagram to protect our community. Tell us if you think we made a mistake.

[24/221] Rob Hope (ID: 894)
   Username: @rob_hope
   Fetching user info for @rob_hope...
   ❌ Error getting profile: feedback_required: We limit how often you can do certain things on Instagram to protect our community. Tell us if you think we made a mistake.

[25/221] Colt Steele (ID: 895)
   Username: @coltsteele
   Fetching user info for @coltsteele...
   ❌ Error getting profile: feedback_required: We limit how often you can do certain things on Instagram to protect our community. Tell us if you think we made a mistake.

[26/221] James Q Quick (ID: 897)
   Username: @jamesqquick
   Fetching user info for @jamesqquick...
   ❌ Error getting profile: feedback_required: We limit how often you can do certain things on Instagram to protect our community. Tell us if you think we made a mistake.

[27/221] James Q Quick (ID: 897)
   ❌ Could not extract username

[28/221] Kunal Kushwaha (ID: 898)
   Username: @kunalsig
   Fetching user info for @kunalsig...
   ❌ Error getting profile: feedback_required: We limit how often you can do certain things on Instagram to protect our community. Tell us if you think we made a mistake.

[29/221] Harrison Kinsley (ID: 899)
   Username: @sentdex
   Fetching user info for @sentdex...
   ❌ Error getting profile: feedback_required: We limit how often you can do certain things on Instagram to protect our community. Tell us if you think we made a mistake.

[30/221] Harrison Kinsley (ID: 899)
   ❌ Could not extract username

[31/221] Jeff Delaney (Fireship) (ID: 900)
   Username: @fireship_dev
   Fetching user info for @fireship_dev...
   ❌ Error getting profile: feedback_required: We limit how often you can do certain things on Instagram to protect our community. Tell us if you think we made a mistake.

[32/221] Jeff Delaney (Fireship) (ID: 900)
   ❌ Could not extract username

[33/221] Sabrina Ramonov (ID: 901)
   Username: @sabrina_ramonov
   Fetching user info for @sabrina_ramonov...
   ❌ Error getting profile: feedback_required: We limit how often you can do certain things on Instagram to protect our community. Tell us if you think we made a mistake.

[34/221] Robert Benjamin (ID: 902)
   Username: @reels
   Fetching user info for @reels...
   ❌ Error getting profile: feedback_required: We limit how often you can do certain things on Instagram to protect our community. Tell us if you think we made a mistake.

[35/221] Nate Gold (ID: 903)
   Username: @nategold.ai
   Fetching user info for @nategold.ai...
   ❌ Error getting profile: feedback_required: We limit how often you can do certain things on Instagram to protect our community. Tell us if you think we made a mistake.

[36/221] Maverick Maltin (ID: 904)
   Username: @maverickgpt0
   Fetching user info for @maverickgpt0...
   ❌ Error getting profile: feedback_required: We limit how often you can do certain things on Instagram to protect our community. Tell us if you think we made a mistake.

[37/221] Robin Delta (ID: 905)
   Username: @heyrobinai
   Fetching user info for @heyrobinai...
   ❌ Error getting profile: feedback_required: We limit how often you can do certain things on Instagram to protect our community. Tell us if you think we made a mistake.

[38/221] Paul Couvert (ID: 906)
   ❌ Could not extract username

[39/221] Jeff Su (ID: 907)
   Username: @j.sushie
   Fetching user info for @j.sushie...
   ❌ Error getting profile: feedback_required: We limit how often you can do certain things on Instagram to protect our community. Tell us if you think we made a mistake.

[40/221] Jeff Su (ID: 907)
   ❌ Could not extract username

[41/221] Min Choi (ID: 909)
   Username: @theminchoi
   Fetching user info for @theminchoi...
   ❌ Error getting profile: feedback_required: We limit how often you can do certain things on Instagram to protect our community. Tell us if you think we made a mistake.

[42/221] Alex Banks (ID: 910)
   Username: @thealexbanks
   Fetching user info for @thealexbanks...
   ❌ Error getting profile: feedback_required: We limit how often you can do certain things on Instagram to protect our community. Tell us if you think we made a mistake.

[43/221] Alex Banks (ID: 910)
   ❌ Could not extract username

[44/221] Zain Kahn (ID: 911)
   Username: @heyzainkahn
   Fetching user info for @heyzainkahn...
   ❌ Error getting profile: feedback_required: We limit how often you can do certain things on Instagram to protect our community. Tell us if you think we made a mistake.

[45/221] Zain Kahn (ID: 911)
   ❌ Could not extract username

[46/221] Allie K. Miller (ID: 912)
   Username: @alliekmiller
   Fetching user info for @alliekmiller...
   ❌ Error getting profile: feedback_required: We limit how often you can do certain things on Instagram to protect our community. Tell us if you think we made a mistake.

[47/221] Allie K. Miller (ID: 912)
   ❌ Could not extract username

[48/221] Ruben Hassid (ID: 913)
   Username: @rubenhassid
   Fetching user info for @rubenhassid...
   ❌ Error getting profile: feedback_required: We limit how often you can do certain things on Instagram to protect our community. Tell us if you think we made a mistake.

[49/221] Ruben Hassid (ID: 913)
   ❌ Could not extract username

[50/221] Sirio Berati (ID: 914)
   Username: @heysirio
   Fetching user info for @heysirio...
   ❌ Error getting profile: feedback_required: We limit how often you can do certain things on Instagram to protect our community. Tell us if you think we made a mistake.

[51/221] Sirio Berati (ID: 914)
   ❌ Could not extract username

[52/221] Tiffany Janzen (ID: 915)
   Username: @tiffintech
   Fetching user info for @tiffintech...
   ❌ Error getting profile: feedback_required: We limit how often you can do certain things on Instagram to protect our community. Tell us if you think we made a mistake.

[53/221] Tiffany Janzen (ID: 915)
   ❌ Could not extract username

[54/221] Chris Ching (ID: 916)
   Username: @codewithchris
   Fetching user info for @codewithchris...
   ❌ Error getting profile: feedback_required: We limit how often you can do certain things on Instagram to protect our community. Tell us if you think we made a mistake.

[55/221] Nana Janashia (ID: 917)
   Username: @techworld_with_nana
   Fetching user info for @techworld_with_nana...
   ❌ Error getting profile: feedback_required: We limit how often you can do certain things on Instagram to protect our community. Tell us if you think we made a mistake.

[56/221] Bret Fisher (ID: 918)
   Username: @bretfisher
   Fetching user info for @bretfisher...
   ❌ Error getting profile: feedback_required: We limit how often you can do certain things on Instagram to protect our community. Tell us if you think we made a mistake.

[57/221] Nate Jones (ID: 919)
   Username: @nathaniel.b.jones
   Fetching user info for @nathaniel.b.jones...
   ❌ Error getting profile: feedback_required: We limit how often you can do certain things on Instagram to protect our community. Tell us if you think we made a mistake.

[58/221] Nate Jones (ID: 919)
   ❌ Could not extract username

[59/221] Alex Xu | ByteByteGo (ID: 920)
   Username: @alexxubyte
   Fetching user info for @alexxubyte...
   ❌ Error getting profile: feedback_required: We limit how often you can do certain things on Instagram to protect our community. Tell us if you think we made a mistake.

[60/221] Riley Brown (ID: 921)
   Username: @realrileybrown
   Fetching user info for @realrileybrown...
   ❌ Error getting profile: feedback_required: We limit how often you can do certain things on Instagram to protect our community. Tell us if you think we made a mistake.

[61/221] Riley Brown (ID: 921)
   ❌ Could not extract username

[62/221] Preston Rhodes (ID: 922)
   Username: @prestonrhodes
   Fetching user info for @prestonrhodes...
   ❌ Error getting profile: feedback_required: We limit how often you can do certain things on Instagram to protect our community. Tell us if you think we made a mistake.

[63/221] Migue Baena (ID: 923)
   Username: @miguebaenaia
   Fetching user info for @miguebaenaia...
   ❌ Error getting profile: feedback_required: We limit how often you can do certain things on Instagram to protect our community. Tell us if you think we made a mistake.

[64/221] Tiffany Kyazze (ID: 924)
   Username: @techtiff.ai
   Fetching user info for @techtiff.ai...
   ❌ Error getting profile: feedback_required: We limit how often you can do certain things on Instagram to protect our community. Tell us if you think we made a mistake.

[65/221] Tiffany Kyazze (ID: 924)
   ❌ Could not extract username

[66/221] Learn With Seb (ID: 925)
   Username: @learnwithseb
   Fetching user info for @learnwithseb...
   ❌ Error getting profile: feedback_required: We limit how often you can do certain things on Instagram to protect our community. Tell us if you think we made a mistake.

[67/221] Liam Ottley (ID: 926)
   Username: @liamottley
   Fetching user info for @liamottley...
   ❌ Error getting profile: feedback_required: We limit how often you can do certain things on Instagram to protect our community. Tell us if you think we made a mistake.

[68/221] Marcin Teodoru (ID: 928)
   Username: @marcinteodoru
   Fetching user info for @marcinteodoru...
   ❌ Error getting profile: feedback_required: We limit how often you can do certain things on Instagram to protect our community. Tell us if you think we made a mistake.

[69/221] Kane Kallaway (ID: 929)
   Username: @kallaway
   Fetching user info for @kallaway...
   ❌ Error getting profile: feedback_required: We limit how often you can do certain things on Instagram to protect our community. Tell us if you think we made a mistake.

[70/221] Ross Fledderjohn (ID: 930)
   ❌ Could not extract username

[71/221] Ross Fledderjohn (ID: 930)
   Username: @rossfledderjohn
   Fetching user info for @rossfledderjohn...
   ❌ Error getting profile: feedback_required: We limit how often you can do certain things on Instagram to protect our community. Tell us if you think we made a mistake.

[72/221] Matt Paige (ID: 931)
   Username: @mpaige13
   Fetching user info for @mpaige13...
   ❌ Error getting profile: feedback_required: We limit how often you can do certain things on Instagram to protect our community. Tell us if you think we made a mistake.

[73/221] Matt Paige (ID: 931)
   ❌ Could not extract username

[74/221] Dan Scalco (ID: 932)
   Username: @itsbetterwithai
   Fetching user info for @itsbetterwithai...
   ❌ Error getting profile: feedback_required: We limit how often you can do certain things on Instagram to protect our community. Tell us if you think we made a mistake.

[75/221] Akhil Boddu (ID: 933)
   Username: @akhilboddu
   Fetching user info for @akhilboddu...
   ❌ Error getting profile: feedback_required: We limit how often you can do certain things on Instagram to protect our community. Tell us if you think we made a mistake.

[76/221] Akhil Boddu (ID: 933)
   ❌ Could not extract username

[77/221] Kat Norton | Miss Excel (ID: 934)
   Username: @miss.excel
   Fetching user info for @miss.excel...
   ❌ Error getting profile: feedback_required: We limit how often you can do certain things on Instagram to protect our community. Tell us if you think we made a mistake.

[78/221] Julian Stancioff (ID: 936)
   Username: @julian.aii
   Fetching user info for @julian.aii...
   ❌ Error getting profile: feedback_required: We limit how often you can do certain things on Instagram to protect our community. Tell us if you think we made a mistake.

[79/221] Techguyver (ID: 937)
   ❌ Could not extract username

[80/221] Techguyver (ID: 937)
   Username: @techguyver
   Fetching user info for @techguyver...
   ❌ Error getting profile: feedback_required: We limit how often you can do certain things on Instagram to protect our community. Tell us if you think we made a mistake.

[81/221] Matty McTech (ID: 938)
   Username: @setupspawn
   Fetching user info for @setupspawn...
   ❌ Error getting profile: feedback_required: We limit how often you can do certain things on Instagram to protect our community. Tell us if you think we made a mistake.

[82/221] Kayvon Jafarzadeh (ID: 939)
   Username: @kayvon.ai
   Fetching user info for @kayvon.ai...
   ❌ Error getting profile: feedback_required: We limit how often you can do certain things on Instagram to protect our community. Tell us if you think we made a mistake.

[83/221] Showtools (ID: 940)
   Username: @showtoolsai
   Fetching user info for @showtoolsai...
   ❌ Error getting profile: feedback_required: We limit how often you can do certain things on Instagram to protect our community. Tell us if you think we made a mistake.

[84/221] Nick Saraev (ID: 941)
   Username: @nick_saraev
   Fetching user info for @nick_saraev...
   ❌ Error getting profile: feedback_required: We limit how often you can do certain things on Instagram to protect our community. Tell us if you think we made a mistake.

[85/221] Meghana Dhar (ID: 942)
   Username: @meghana
   Fetching user info for @meghana...
   ❌ Error getting profile: feedback_required: We limit how often you can do certain things on Instagram to protect our community. Tell us if you think we made a mistake.

[86/221] Aidan Stanik (ID: 943)
   Username: @aidanstanikai
   Fetching user info for @aidanstanikai...
   ❌ Error getting profile: feedback_required: We limit how often you can do certain things on Instagram to protect our community. Tell us if you think we made a mistake.

[87/221] Parth Patel (ID: 944)
   Username: @parthknowsai
   Fetching user info for @parthknowsai...
   ❌ Error getting profile: feedback_required: We limit how often you can do certain things on Instagram to protect our community. Tell us if you think we made a mistake.

[88/221] Justyn Berk (ID: 945)
   Username: @justyn.ai
   Fetching user info for @justyn.ai...
   ❌ Error getting profile: feedback_required: We limit how often you can do certain things on Instagram to protect our community. Tell us if you think we made a mistake.

[89/221] Justyn Berk (ID: 945)
   ❌ Could not extract username

[90/221] Caleb Kruse (ID: 946)
   Username: @mr.paidsocial
   Fetching user info for @mr.paidsocial...
   ❌ Error getting profile: feedback_required: We limit how often you can do certain things on Instagram to protect our community. Tell us if you think we made a mistake.

[91/221] Caleb Kruse (ID: 946)
   ❌ Could not extract username

[92/221] Aaron Page (ID: 947)
   Username: @aaronandai
   Fetching user info for @aaronandai...
   ❌ Error getting profile: feedback_required: We limit how often you can do certain things on Instagram to protect our community. Tell us if you think we made a mistake.

[93/221] Celia Quillian (ID: 948)
   Username: @smartworkai
   Fetching user info for @smartworkai...
   ❌ Error getting profile: feedback_required: We limit how often you can do certain things on Instagram to protect our community. Tell us if you think we made a mistake.

[94/221] Harley Ma (ID: 949)
   Username: @harley.digital
   Fetching user info for @harley.digital...
   ❌ Error getting profile: feedback_required: We limit how often you can do certain things on Instagram to protect our community. Tell us if you think we made a mistake.

[95/221] Florian Beil (ID: 950)
   Username: @excel.flo
   Fetching user info for @excel.flo...
   ❌ Error getting profile: feedback_required: We limit how often you can do certain things on Instagram to protect our community. Tell us if you think we made a mistake.

[96/221] Yew Tong | Mr Tech King (ID: 951)
   Username: @themrtechking
   Fetching user info for @themrtechking...
   ❌ Error getting profile: feedback_required: We limit how often you can do certain things on Instagram to protect our community. Tell us if you think we made a mistake.

[97/221] Hack With Antonio (ID: 952)
   Username: @hackwithantonio
   Fetching user info for @hackwithantonio...
   ❌ Error getting profile: feedback_required: We limit how often you can do certain things on Instagram to protect our community. Tell us if you think we made a mistake.

[98/221] Brad Gaines (ID: 953)
   Username: @ninjaaitools
   Fetching user info for @ninjaaitools...
   ❌ Error getting profile: feedback_required: We limit how often you can do certain things on Instagram to protect our community. Tell us if you think we made a mistake.

[99/221] Will Francis (ID: 954)
   Username: @willfrancis
   Fetching user info for @willfrancis...
   ❌ Error getting profile: feedback_required: We limit how often you can do certain things on Instagram to protect our community. Tell us if you think we made a mistake.

[100/221] Awa K. Penn (ID: 955)
   Username: @awakpenn
   Fetching user info for @awakpenn...
   ❌ Error getting profile: feedback_required: We limit how often you can do certain things on Instagram to protect our community. Tell us if you think we made a mistake.

[101/221] Aaron Marino | Alpha M. (ID: 956)
   Username: @aaronmarino
   Fetching user info for @aaronmarino...
   ❌ Error getting profile: feedback_required: We limit how often you can do certain things on Instagram to protect our community. Tell us if you think we made a mistake.

[102/221] Alex Costa (ID: 957)
   Username: @alexcosta
   Fetching user info for @alexcosta...
   ❌ Error getting profile: feedback_required: We limit how often you can do certain things on Instagram to protect our community. Tell us if you think we made a mistake.

[103/221] Ashley Weston (ID: 958)
   Username: @ashleypweston
   Fetching user info for @ashleypweston...
   ❌ Error getting profile: feedback_required: We limit how often you can do certain things on Instagram to protect our community. Tell us if you think we made a mistake.

[104/221] Ashley Weston (ID: 958)
   ❌ Could not extract username

[105/221] Atal Cuentas (ID: 959)
   Username: @glammerhombres
   Fetching user info for @glammerhombres...
   ❌ Error getting profile: feedback_required: We limit how often you can do certain things on Instagram to protect our community. Tell us if you think we made a mistake.

[106/221] Atal Cuentas (ID: 959)
   ❌ Could not extract username

[107/221] Jose Zuniga | Teaching Men’s Fashion (ID: 960)
   Username: @teachingmensfashion
   Fetching user info for @teachingmensfashion...
   ❌ Error getting profile: feedback_required: We limit how often you can do certain things on Instagram to protect our community. Tell us if you think we made a mistake.

[108/221] Antonio Centeno | Real Men Real Style (ID: 961)
   Username: @rmrstyle
   Fetching user info for @rmrstyle...
   ❌ Error getting profile: feedback_required: We limit how often you can do certain things on Instagram to protect our community. Tell us if you think we made a mistake.

[109/221] Ishita Saluja (ID: 962)
   Username: @ishitasalujaimageconsultancy
   Fetching user info for @ishitasalujaimageconsultancy...
   ❌ Error getting profile: feedback_required: We limit how often you can do certain things on Instagram to protect our community. Tell us if you think we made a mistake.

[110/221] Sia Anand Sehgal (ID: 963)
   Username: @imagecoachsia
   Fetching user info for @imagecoachsia...
   ❌ Error getting profile: feedback_required: We limit how often you can do certain things on Instagram to protect our community. Tell us if you think we made a mistake.

[111/221] Sia Anand Sehgal (ID: 963)
   ❌ Could not extract username

[112/221] Alison Lumbatis (ID: 964)
   Username: @alisonlumbatis
   Fetching user info for @alisonlumbatis...
   ❌ Error getting profile: feedback_required: We limit how often you can do certain things on Instagram to protect our community. Tell us if you think we made a mistake.

[113/221] Susie Wright | So Susie (ID: 965)
   Username: @susie.wright
   Fetching user info for @susie.wright...
   ❌ Error getting profile: feedback_required: We limit how often you can do certain things on Instagram to protect our community. Tell us if you think we made a mistake.

[114/221] Carla Rockmore (ID: 966)
   Username: @carla.rockmore
   Fetching user info for @carla.rockmore...
   ❌ Error getting profile: feedback_required: We limit how often you can do certain things on Instagram to protect our community. Tell us if you think we made a mistake.

[115/221] Victoria Lee (ID: 967)
   Username: @torileesbeautymix
   Fetching user info for @torileesbeautymix...
   ❌ Error getting profile: feedback_required: We limit how often you can do certain things on Instagram to protect our community. Tell us if you think we made a mistake.

[116/221] Cassandra Bankson (ID: 968)
   Username: @cassandrabankson
   Fetching user info for @cassandrabankson...
   ❌ Error getting profile: feedback_required: We limit how often you can do certain things on Instagram to protect our community. Tell us if you think we made a mistake.

[117/221] Susan Yara | Mixed Makeup (ID: 969)
   Username: @susanyara
   Fetching user info for @susanyara...
   ❌ Error getting profile: feedback_required: We limit how often you can do certain things on Instagram to protect our community. Tell us if you think we made a mistake.

[118/221] Amy Chang (ID: 970)
   Username: @amychang
   Fetching user info for @amychang...
   ❌ Error getting profile: feedback_required: We limit how often you can do certain things on Instagram to protect our community. Tell us if you think we made a mistake.

[119/221] Amy Chang (ID: 970)
   ❌ Could not extract username

[120/221] Alissa Ashley (ID: 971)
   Username: @alissa.ashley
   Fetching user info for @alissa.ashley...
   ❌ Error getting profile: feedback_required: We limit how often you can do certain things on Instagram to protect our community. Tell us if you think we made a mistake.

[121/221] Lydia Tomlinson (ID: 972)
   Username: @lydiajanetomlinson
   Fetching user info for @lydiajanetomlinson...
   ❌ Error getting profile: feedback_required: We limit how often you can do certain things on Instagram to protect our community. Tell us if you think we made a mistake.

[122/221] Lydia Tomlinson (ID: 972)
   ❌ Could not extract username

[123/221] Emma Hill (ID: 973)
   Username: @emmahill
   Fetching user info for @emmahill...
   ❌ Error getting profile: feedback_required: We limit how often you can do certain things on Instagram to protect our community. Tell us if you think we made a mistake.

[124/221] Victor Reis (ID: 974)
   Username: @victoreis92
   Fetching user info for @victoreis92...
   ❌ Error getting profile: feedback_required: We limit how often you can do certain things on Instagram to protect our community. Tell us if you think we made a mistake.

[125/221] Liam Gallagher (ID: 975)
   Username: @laymedownliam
   Fetching user info for @laymedownliam...
   ❌ Error getting profile: feedback_required: We limit how often you can do certain things on Instagram to protect our community. Tell us if you think we made a mistake.

[126/221] Adam Gonon (ID: 976)
   Username: @adamgonon
   Fetching user info for @adamgonon...
   ❌ Error getting profile: feedback_required: We limit how often you can do certain things on Instagram to protect our community. Tell us if you think we made a mistake.

[127/221] Blake Scott Silva (ID: 977)
   Username: @blakescott
   Fetching user info for @blakescott...
   ❌ Error getting profile: feedback_required: We limit how often you can do certain things on Instagram to protect our community. Tell us if you think we made a mistake.

[128/221] Jesper Søndergård Krogh (ID: 978)
   Username: @jespersoendergaard
   Fetching user info for @jespersoendergaard...
   ❌ Error getting profile: feedback_required: We limit how often you can do certain things on Instagram to protect our community. Tell us if you think we made a mistake.

[129/221] Justus Frederic Hansen | The Style Consultant (ID: 979)
   Username: @the.styleconsultant
   Fetching user info for @the.styleconsultant...
   ❌ Error getting profile: feedback_required: We limit how often you can do certain things on Instagram to protect our community. Tell us if you think we made a mistake.

[130/221] Mitchell Moss (ID: 980)
   Username: @menswearmusings
   Fetching user info for @menswearmusings...
   ❌ Error getting profile: feedback_required: We limit how often you can do certain things on Instagram to protect our community. Tell us if you think we made a mistake.

[131/221] Elliot Duprey (ID: 981)
   Username: @elliotduprey
   Fetching user info for @elliotduprey...
   ❌ Error getting profile: feedback_required: We limit how often you can do certain things on Instagram to protect our community. Tell us if you think we made a mistake.

[132/221] Brian Sacawa | He Spoke Style (ID: 982)
   Username: @hespokestyle
   Fetching user info for @hespokestyle...
   ❌ Error getting profile: feedback_required: We limit how often you can do certain things on Instagram to protect our community. Tell us if you think we made a mistake.

[133/221] Sergio Ines | What My Boyfriend Wore (ID: 983)
   Username: @whatmyboyfriendwore
   Fetching user info for @whatmyboyfriendwore...
   ❌ Error getting profile: feedback_required: We limit how often you can do certain things on Instagram to protect our community. Tell us if you think we made a mistake.

[134/221] David Abittan (ID: 984)
   Username: @davidabittan7
   Fetching user info for @davidabittan7...
   ❌ Error getting profile: feedback_required: We limit how often you can do certain things on Instagram to protect our community. Tell us if you think we made a mistake.

[135/221] David Abittan (ID: 984)
   ❌ Could not extract username

[136/221] Hunter Vought (ID: 985)
   Username: @huntervought
   Fetching user info for @huntervought...
   ❌ Error getting profile: feedback_required: We limit how often you can do certain things on Instagram to protect our community. Tell us if you think we made a mistake.

[137/221] Paco Carpena (ID: 986)
   Username: @superlatio
   Fetching user info for @superlatio...
   ❌ Error getting profile: feedback_required: We limit how often you can do certain things on Instagram to protect our community. Tell us if you think we made a mistake.

[138/221] Anton Masko (ID: 987)
   Username: @antonmasko
   Fetching user info for @antonmasko...
   ❌ Error getting profile: feedback_required: We limit how often you can do certain things on Instagram to protect our community. Tell us if you think we made a mistake.

[139/221] Ilyes Gherissi (ID: 988)
   Username: @ilyes_gherissi
   Fetching user info for @ilyes_gherissi...
   ❌ Error getting profile: feedback_required: We limit how often you can do certain things on Instagram to protect our community. Tell us if you think we made a mistake.

[140/221] Ilyes Gherissi (ID: 988)
   ❌ Could not extract username

[141/221] Omar Spaneshi (ID: 989)
   Username: @omarspaneshi
   Fetching user info for @omarspaneshi...
   ❌ Error getting profile: feedback_required: We limit how often you can do certain things on Instagram to protect our community. Tell us if you think we made a mistake.

[142/221] Simon B (ID: 990)
   Username: @smalltowndapper
   Fetching user info for @smalltowndapper...
   ❌ Error getting profile: feedback_required: We limit how often you can do certain things on Instagram to protect our community. Tell us if you think we made a mistake.

[143/221] Ben Brewster (ID: 991)
   Username: @benbrewster
   Fetching user info for @benbrewster...
   ❌ Error getting profile: feedback_required: We limit how often you can do certain things on Instagram to protect our community. Tell us if you think we made a mistake.

[144/221] Niccolò Cesari (ID: 992)
   Username: @niccocesari
   Fetching user info for @niccocesari...
   ❌ Error getting profile: feedback_required: We limit how often you can do certain things on Instagram to protect our community. Tell us if you think we made a mistake.

[145/221] Nisha Bhalla (ID: 993)
   Username: @nishastylein
   Fetching user info for @nishastylein...
   ❌ Error getting profile: feedback_required: We limit how often you can do certain things on Instagram to protect our community. Tell us if you think we made a mistake.

[146/221] Erica Davies (ID: 994)
   Username: @erica_davies
   Fetching user info for @erica_davies...
   ❌ Error getting profile: feedback_required: We limit how often you can do certain things on Instagram to protect our community. Tell us if you think we made a mistake.

[147/221] Blair Moore (ID: 995)
   Username: @bestyledco_
   Fetching user info for @bestyledco_...
   ❌ Error getting profile: feedback_required: We limit how often you can do certain things on Instagram to protect our community. Tell us if you think we made a mistake.

[148/221] Hallie Abrams | The Wardrobe Consultant (ID: 996)
   Username: @thewardrobeconsultant
   Fetching user info for @thewardrobeconsultant...
   ❌ Error getting profile: feedback_required: We limit how often you can do certain things on Instagram to protect our community. Tell us if you think we made a mistake.

[149/221] Ellie Richards (ID: 997)
   Username: @ellierichards.intel
   Fetching user info for @ellierichards.intel...
   ❌ Error getting profile: feedback_required: We limit how often you can do certain things on Instagram to protect our community. Tell us if you think we made a mistake.

[150/221] Melissa Murgana (ID: 998)
   Username: @melissagotstyle
   Fetching user info for @melissagotstyle...
   ❌ Error getting profile: feedback_required: We limit how often you can do certain things on Instagram to protect our community. Tell us if you think we made a mistake.

[151/221] Emelia Morris (ID: 999)
   Username: @emeliamorrisstylist
   Fetching user info for @emeliamorrisstylist...
   ❌ Error getting profile: feedback_required: We limit how often you can do certain things on Instagram to protect our community. Tell us if you think we made a mistake.

[152/221] Rachael Gough (ID: 1000)
   Username: @champagnesilvousplait_
   Fetching user info for @champagnesilvousplait_...
   ❌ Error getting profile: feedback_required: We limit how often you can do certain things on Instagram to protect our community. Tell us if you think we made a mistake.

[153/221] Carla Nelson (ID: 1001)
   Username: @thecarlanelson
   Fetching user info for @thecarlanelson...
   ❌ Error getting profile: feedback_required: We limit how often you can do certain things on Instagram to protect our community. Tell us if you think we made a mistake.

[154/221] Lisa Wisdom (ID: 1002)
   Username: @stylewithwisdom
   Fetching user info for @stylewithwisdom...
   ❌ Error getting profile: feedback_required: We limit how often you can do certain things on Instagram to protect our community. Tell us if you think we made a mistake.

[155/221] Samantha Dawn (ID: 1003)
   Username: @bysamanthadawn
   Fetching user info for @bysamanthadawn...
   ❌ Error getting profile: feedback_required: We limit how often you can do certain things on Instagram to protect our community. Tell us if you think we made a mistake.

[156/221] Paige Richardson (ID: 1004)
   Username: @paigerichardsonstyling
   Fetching user info for @paigerichardsonstyling...
   ❌ Error getting profile: feedback_required: We limit how often you can do certain things on Instagram to protect our community. Tell us if you think we made a mistake.

[157/221] Tamela Clarke (ID: 1005)
   Username: @tamela.clarke
   Fetching user info for @tamela.clarke...
   ❌ Error getting profile: feedback_required: We limit how often you can do certain things on Instagram to protect our community. Tell us if you think we made a mistake.

[158/221] Tamela Clarke (ID: 1005)
   ❌ Could not extract username

[159/221] Valarie Linnen (ID: 1006)
   Username: @midlifeposhcloset
   Fetching user info for @midlifeposhcloset...
   ❌ Error getting profile: feedback_required: We limit how often you can do certain things on Instagram to protect our community. Tell us if you think we made a mistake.

[160/221] Rachel Moore (ID: 1007)
   Username: @pinterestingplans
   Fetching user info for @pinterestingplans...
   ❌ Error getting profile: feedback_required: We limit how often you can do certain things on Instagram to protect our community. Tell us if you think we made a mistake.

[161/221] Rose Hayes (ID: 1008)
   Username: @rosehayes
   Fetching user info for @rosehayes...
   ❌ Error getting profile: feedback_required: We limit how often you can do certain things on Instagram to protect our community. Tell us if you think we made a mistake.

[162/221] Rose Hayes (ID: 1008)
   ❌ Could not extract username

[163/221] Tammy Caciola | Her Fashioned Life (ID: 1009)
   Username: @herfashionedlife
   Fetching user info for @herfashionedlife...
   ❌ Error getting profile: feedback_required: We limit how often you can do certain things on Instagram to protect our community. Tell us if you think we made a mistake.

[164/221] Anna Bey (ID: 1010)
   Username: @annabey
   Fetching user info for @annabey...
   ❌ Error getting profile: feedback_required: We limit how often you can do certain things on Instagram to protect our community. Tell us if you think we made a mistake.

[165/221] Audrey Coyne (ID: 1011)
   Username: @audreyacoyne
   Fetching user info for @audreyacoyne...
   ❌ Error getting profile: feedback_required: We limit how often you can do certain things on Instagram to protect our community. Tell us if you think we made a mistake.

[166/221] Bethany Leonardo (ID: 1012)
   Username: @dearlybethany
   Fetching user info for @dearlybethany...
   ❌ Error getting profile: feedback_required: We limit how often you can do certain things on Instagram to protect our community. Tell us if you think we made a mistake.

[167/221] Justine Leconte (ID: 1013)
   Username: @justineleconte
   Fetching user info for @justineleconte...
   ❌ Error getting profile: feedback_required: We limit how often you can do certain things on Instagram to protect our community. Tell us if you think we made a mistake.

[168/221] Allison Bornstein (ID: 1014)
   Username: @allisonbornstein6
   Fetching user info for @allisonbornstein6...
   ❌ Error getting profile: feedback_required: We limit how often you can do certain things on Instagram to protect our community. Tell us if you think we made a mistake.

[169/221] Allison Bornstein (ID: 1014)
   ❌ Could not extract username

[170/221] Lisa Eldridge (ID: 1015)
   Username: @lisaeldridgemakeup
   Fetching user info for @lisaeldridgemakeup...
   ❌ Error getting profile: feedback_required: We limit how often you can do certain things on Instagram to protect our community. Tell us if you think we made a mistake.

[171/221] Kareem Shami (ID: 1016)
   Username: @syrianpsycho
   Fetching user info for @syrianpsycho...
   ❌ Error getting profile: feedback_required: We limit how often you can do certain things on Instagram to protect our community. Tell us if you think we made a mistake.

[172/221] Kareem Shami (ID: 1016)
   ❌ Could not extract username

[173/221] Ana Isabel Ayora (ID: 1017)
   Username: @anai.asesoriadeimagen
   Fetching user info for @anai.asesoriadeimagen...
   ❌ Error getting profile: feedback_required: We limit how often you can do certain things on Instagram to protect our community. Tell us if you think we made a mistake.

[174/221] Brock McGoff (ID: 1018)
   Username: @brockmcgoff
   Fetching user info for @brockmcgoff...
   ❌ Error getting profile: feedback_required: We limit how often you can do certain things on Instagram to protect our community. Tell us if you think we made a mistake.

[175/221] Vanesa Amaro (ID: 1019)
   Username: @vanesa_amaro_
   Fetching user info for @vanesa_amaro_...
   ❌ Error getting profile: feedback_required: We limit how often you can do certain things on Instagram to protect our community. Tell us if you think we made a mistake.

[176/221] Lisa Sosa | Clean Happy Co (ID: 1020)
   Username: @cleanhappyco
   Fetching user info for @cleanhappyco...
   ❌ Error getting profile: feedback_required: We limit how often you can do certain things on Instagram to protect our community. Tell us if you think we made a mistake.

[177/221] Rochelle N. Stewart (ID: 1021)
   Username: @operation_niki
   Fetching user info for @operation_niki...
   ❌ Error getting profile: feedback_required: We limit how often you can do certain things on Instagram to protect our community. Tell us if you think we made a mistake.

[178/221] Rochelle N. Stewart (ID: 1021)
   ❌ Could not extract username

[179/221] Brandon Pleshek | Clean That Up (ID: 1022)
   Username: @cleanthatup
   Fetching user info for @cleanthatup...
   ❌ Error getting profile: feedback_required: We limit how often you can do certain things on Instagram to protect our community. Tell us if you think we made a mistake.

[180/221] Dad Advice From Bo (ID: 1023)
   Username: @dadadvicefrombo
   Fetching user info for @dadadvicefrombo...
   ❌ Error getting profile: feedback_required: We limit how often you can do certain things on Instagram to protect our community. Tell us if you think we made a mistake.

[181/221] Kaylie | Tidycademy (ID: 1024)
   Username: @tidycademypro
   Fetching user info for @tidycademypro...
   ❌ Error getting profile: feedback_required: We limit how often you can do certain things on Instagram to protect our community. Tell us if you think we made a mistake.

[182/221] Cary Colón | Cleantok Cary (ID: 1025)
   Username: @cleantokcary
   Fetching user info for @cleantokcary...
   ❌ Error getting profile: feedback_required: We limit how often you can do certain things on Instagram to protect our community. Tell us if you think we made a mistake.

[183/221] Kyshawn Lane | Weekly Home Check (ID: 1026)
   Username: @weeklyhomecheck
   Fetching user info for @weeklyhomecheck...
   ❌ Error getting profile: feedback_required: We limit how often you can do certain things on Instagram to protect our community. Tell us if you think we made a mistake.

[184/221] Leah Bolden | See Jane Drill (ID: 1027)
   Username: @seejanedrill
   Fetching user info for @seejanedrill...
   ❌ Error getting profile: feedback_required: We limit how often you can do certain things on Instagram to protect our community. Tell us if you think we made a mistake.

[185/221] Carissa Nunez (ID: 1028)
   Username: @carissacleansitall
   Fetching user info for @carissacleansitall...
   ❌ Error getting profile: feedback_required: We limit how often you can do certain things on Instagram to protect our community. Tell us if you think we made a mistake.

[186/221] Carissa Nunez (ID: 1028)
   ❌ Could not extract username

[187/221] Cindy Hendler | Cleansnob (ID: 1029)
   Username: @cleansnob
   Fetching user info for @cleansnob...
   ❌ Error getting profile: feedback_required: We limit how often you can do certain things on Instagram to protect our community. Tell us if you think we made a mistake.

[188/221] Cindy Hendler | Cleansnob (ID: 1029)
   ❌ Could not extract username

[189/221] Hailey Becnel (ID: 1030)
   Username: @thecleaningchannel
   Fetching user info for @thecleaningchannel...
   ❌ Error getting profile: feedback_required: We limit how often you can do certain things on Instagram to protect our community. Tell us if you think we made a mistake.

[190/221] Jill Koch (ID: 1031)
   Username: @jillcomesclean
   Fetching user info for @jillcomesclean...
   ❌ Error getting profile: feedback_required: We limit how often you can do certain things on Instagram to protect our community. Tell us if you think we made a mistake.

[191/221] Sara Stubbs (ID: 1032)
   Username: @lifestyle.leaks
   Fetching user info for @lifestyle.leaks...
   ❌ Error getting profile: feedback_required: We limit how often you can do certain things on Instagram to protect our community. Tell us if you think we made a mistake.

[192/221] Jacqueline | Home Reimagined (ID: 1033)
   Username: @home_reimagined_
   Fetching user info for @home_reimagined_...
   ❌ Error getting profile: feedback_required: We limit how often you can do certain things on Instagram to protect our community. Tell us if you think we made a mistake.

[193/221] Kellsie Zapata (ID: 1034)
   Username: @zapatas_cleaning_services
   Fetching user info for @zapatas_cleaning_services...
   ❌ Error getting profile: feedback_required: We limit how often you can do certain things on Instagram to protect our community. Tell us if you think we made a mistake.

[194/221] Chantel Mila (ID: 1035)
   Username: @mama_mila_au
   Fetching user info for @mama_mila_au...
   ❌ Error getting profile: feedback_required: We limit how often you can do certain things on Instagram to protect our community. Tell us if you think we made a mistake.

[195/221] Kayleen Kelly (ID: 1036)
   Username: @kayleenkellyorganize
   Fetching user info for @kayleenkellyorganize...
   ❌ Error getting profile: feedback_required: We limit how often you can do certain things on Instagram to protect our community. Tell us if you think we made a mistake.

[196/221] Kelsey Gent (ID: 1037)
   Username: @lifeonstacylane
   Fetching user info for @lifeonstacylane...
   ❌ Error getting profile: feedback_required: We limit how often you can do certain things on Instagram to protect our community. Tell us if you think we made a mistake.

[197/221] Carolina McCauley (ID: 1038)
   Username: @carolina.mccauley
   Fetching user info for @carolina.mccauley...
   ❌ Error getting profile: feedback_required: We limit how often you can do certain things on Instagram to protect our community. Tell us if you think we made a mistake.

[198/221] Anna Louisa (ID: 1039)
   Username: @anna_louisa_at_home
   Fetching user info for @anna_louisa_at_home...
   ❌ Error getting profile: feedback_required: We limit how often you can do certain things on Instagram to protect our community. Tell us if you think we made a mistake.

[199/221] Teresa Laura Caruso (ID: 1040)
   Username: @teresalaucar
   Fetching user info for @teresalaucar...
   ❌ Error getting profile: feedback_required: We limit how often you can do certain things on Instagram to protect our community. Tell us if you think we made a mistake.

[200/221] Beatriz Santos (ID: 1041)
   Username: @makelifesimpler_
   Fetching user info for @makelifesimpler_...
   ❌ Error getting profile: feedback_required: We limit how often you can do certain things on Instagram to protect our community. Tell us if you think we made a mistake.

[201/221] Ida Julia (ID: 1042)
   Username: @cleaningwithida
   Fetching user info for @cleaningwithida...
   ❌ Error getting profile: feedback_required: We limit how often you can do certain things on Instagram to protect our community. Tell us if you think we made a mistake.

[202/221] Tanya Mukendi (ID: 1043)
   Username: @tanyahomeinspo
   Fetching user info for @tanyahomeinspo...
   ❌ Error getting profile: feedback_required: We limit how often you can do certain things on Instagram to protect our community. Tell us if you think we made a mistake.

[203/221] Philip Bradford | Dr. DIY (ID: 1044)
   Username: @philip_or_flop
   Fetching user info for @philip_or_flop...
   ❌ Error getting profile: feedback_required: We limit how often you can do certain things on Instagram to protect our community. Tell us if you think we made a mistake.

[204/221] Philip Bradford | Dr. DIY (ID: 1044)
   ❌ Could not extract username

[205/221] Jeff Thorman | Home RenoVision (ID: 1045)
   Username: @homerenovisiondiy
   Fetching user info for @homerenovisiondiy...
   ❌ Error getting profile: feedback_required: We limit how often you can do certain things on Instagram to protect our community. Tell us if you think we made a mistake.

[206/221] Nicole Pankopp (ID: 1046)
   Username: @simplyalignedhome
   Fetching user info for @simplyalignedhome...
   ❌ Error getting profile: feedback_required: We limit how often you can do certain things on Instagram to protect our community. Tell us if you think we made a mistake.

[207/221] Armen Adamjan | Creative Explained (ID: 1047)
   Username: @creative_explained
   Fetching user info for @creative_explained...
   ❌ Error getting profile: feedback_required: We limit how often you can do certain things on Instagram to protect our community. Tell us if you think we made a mistake.

[208/221] 5-Minute Crafts (ID: 1048)
   Username: @5.min.crafts
   Fetching user info for @5.min.crafts...
   ❌ Error getting profile: feedback_required: We limit how often you can do certain things on Instagram to protect our community. Tell us if you think we made a mistake.

[209/221] DIY With Emma (ID: 1049)
   Username: @diywithemma
   Fetching user info for @diywithemma...
   ❌ Error getting profile: feedback_required: We limit how often you can do certain things on Instagram to protect our community. Tell us if you think we made a mistake.

[210/221] The Q (ID: 1050)
   Username: @theq_original
   Fetching user info for @theq_original...
   ❌ Error getting profile: feedback_required: We limit how often you can do certain things on Instagram to protect our community. Tell us if you think we made a mistake.

[211/221] Andrei Emelianov (ID: 1052)
   Username: @andre_lifehack
   Fetching user info for @andre_lifehack...
   ❌ Error getting profile: feedback_required: We limit how often you can do certain things on Instagram to protect our community. Tell us if you think we made a mistake.

[212/221] Shannon Hale | The Daily DIYer (ID: 1053)
   Username: @TheDailyDIYer
   Fetching user info for @TheDailyDIYer...
   ❌ Error getting profile: feedback_required: We limit how often you can do certain things on Instagram to protect our community. Tell us if you think we made a mistake.

[213/221] Sidney Raz (ID: 1054)
   Username: @sidneyraz
   Fetching user info for @sidneyraz...
   ❌ Error getting profile: feedback_required: We limit how often you can do certain things on Instagram to protect our community. Tell us if you think we made a mistake.

[214/221] Malte Katenbrink (ID: 1055)
   Username: @aboutmalte
   Fetching user info for @aboutmalte...
   ❌ Error getting profile: feedback_required: We limit how often you can do certain things on Instagram to protect our community. Tell us if you think we made a mistake.

[215/221] Shashank Alshi (ID: 1056)
   Username: @alshihacks
   Fetching user info for @alshihacks...
   ❌ Error getting profile: feedback_required: We limit how often you can do certain things on Instagram to protect our community. Tell us if you think we made a mistake.

[216/221] Wes & Alison’s Lifehacks (ID: 1057)
   Username: @wesandalisontips
   Fetching user info for @wesandalisontips...
   ❌ Error getting profile: feedback_required: We limit how often you can do certain things on Instagram to protect our community. Tell us if you think we made a mistake.

[217/221] Edyta (ID: 1059)
   Username: @following__edyta
   Fetching user info for @following__edyta...
   ❌ Error getting profile: feedback_required: We limit how often you can do certain things on Instagram to protect our community. Tell us if you think we made a mistake.

[218/221] Rohina (ID: 1060)
   Username: @rohina
   Fetching user info for @rohina...
   ❌ Error getting profile: feedback_required: We limit how often you can do certain things on Instagram to protect our community. Tell us if you think we made a mistake.

[219/221] Brad Rodriguez | Fix This Build That (ID: 1061)
   Username: @fixthisbuildthat
   Fetching user info for @fixthisbuildthat...
   ❌ Error getting profile: feedback_required: We limit how often you can do certain things on Instagram to protect our community. Tell us if you think we made a mistake.

[220/221] Abby Lawson | Abby Organizes (ID: 1062)
   Username: @abbyorganizes
   Fetching user info for @abbyorganizes...
   ❌ Error getting profile: feedback_required: We limit how often you can do certain things on Instagram to protect our community. Tell us if you think we made a mistake.

[221/221] Alissa Schow (ID: 1063)
   Username: @home.and.chaos
   Fetching user info for @home.and.chaos...
   ❌ Error getting profile: feedback_required: We limit how often you can do certain things on Instagram to protect our community. Tell us if you think we made a mistake.

======================================================================
SUMMARY
======================================================================
Total Profiles:              221
✅ Successfully Uploaded:     0
⚠️  Challenge Required:        0
❌ Failed:                    221
📈 Success Rate:              0.0%
======================================================================

✅ Completed!
